Tue Oct 16 2018 16:00:02 GMT-0400 (EDT)
West Indian "software developers"
African "software developers"
Ghanaian "software developer"
%23blerd coding 
"code smell" java javascript
"white privilege"  corporate caribbean
"agile software development" agile
%23blackprogrammer
%23doubleconsciousness corporate
%23underprivileged software
"double consciousness" software black 
%23aave software
"caribbean american vernacular english"  corporate caribbean
%23africanamericanvernacularenglish software
%23firstgeneration black corporate
blerds code 
%23africanamericanprogrammers
blerds coding 
blerds software 
"african american programmer"
Haitian "software developer"
